Analysis & Synthesis report for clock
Sat Sep 19 10:11:28 2015
Quartus II 64-Bit Version 13.0.0 Build 156 04/24/2013 SJ Full Version


---------------------
; Table of Contents ;
---------------------
  1. Legal Notice
  2. Analysis & Synthesis Summary
  3. Analysis & Synthesis Settings
  4. Parallel Compilation
  5. Analysis & Synthesis Source Files Read
  6. Analysis & Synthesis Resource Usage Summary
  7. Analysis & Synthesis Resource Utilization by Entity
  8. User-Specified and Inferred Latches
  9. Registers Removed During Synthesis
 10. General Register Statistics
 11. Inverted Register Statistics
 12. Multiplexer Restructuring Statistics (Restructuring Performed)
 13. Elapsed Time Per Partition
 14. Analysis & Synthesis Messages



----------------
; Legal Notice ;
----------------
Copyright (C) 1991-2013 Altera Corporation
Your use of Altera Corporation's design tools, logic functions 
and other software and tools, and its AMPP partner logic 
functions, and any output files from any of the foregoing 
(including device programming or simulation files), and any 
associated documentation or information are expressly subject 
to the terms and conditions of the Altera Program License 
Subscription Agreement, Altera MegaCore Function License 
Agreement, or other applicable license agreement, including, 
without limitation, that your use is for the sole purpose of 
programming logic devices manufactured by Altera and sold by 
Altera or its authorized distributors.  Please refer to the 
applicable agreement for further details.



+----------------------------------------------------------------------------------+
; Analysis & Synthesis Summary                                                     ;
+------------------------------------+---------------------------------------------+
; Analysis & Synthesis Status        ; Successful - Sat Sep 19 10:11:28 2015       ;
; Quartus II 64-Bit Version          ; 13.0.0 Build 156 04/24/2013 SJ Full Version ;
; Revision Name                      ; clock                                       ;
; Top-level Entity Name              ; clock                                       ;
; Family                             ; Cyclone II                                  ;
; Total logic elements               ; 1,169                                       ;
;     Total combinational functions  ; 1,164                                       ;
;     Dedicated logic registers      ; 301                                         ;
; Total registers                    ; 301                                         ;
; Total pins                         ; 30                                          ;
; Total virtual pins                 ; 0                                           ;
; Total memory bits                  ; 0                                           ;
; Embedded Multiplier 9-bit elements ; 0                                           ;
; Total PLLs                         ; 0                                           ;
+------------------------------------+---------------------------------------------+


+----------------------------------------------------------------------------------------------------------------------+
; Analysis & Synthesis Settings                                                                                        ;
+----------------------------------------------------------------------------+--------------------+--------------------+
; Option                                                                     ; Setting            ; Default Value      ;
+----------------------------------------------------------------------------+--------------------+--------------------+
; Device                                                                     ; EP2C5T144C8        ;                    ;
; Top-level entity name                                                      ; clock              ; clock              ;
; Family name                                                                ; Cyclone II         ; Cyclone IV GX      ;
; Use smart compilation                                                      ; Off                ; Off                ;
; Enable parallel Assembler and TimeQuest Timing Analyzer during compilation ; On                 ; On                 ;
; Enable compact report table                                                ; Off                ; Off                ;
; Restructure Multiplexers                                                   ; Auto               ; Auto               ;
; Create Debugging Nodes for IP Cores                                        ; Off                ; Off                ;
; Preserve fewer node names                                                  ; On                 ; On                 ;
; Disable OpenCore Plus hardware evaluation                                  ; Off                ; Off                ;
; Verilog Version                                                            ; Verilog_2001       ; Verilog_2001       ;
; VHDL Version                                                               ; VHDL_1993          ; VHDL_1993          ;
; State Machine Processing                                                   ; Auto               ; Auto               ;
; Safe State Machine                                                         ; Off                ; Off                ;
; Extract Verilog State Machines                                             ; On                 ; On                 ;
; Extract VHDL State Machines                                                ; On                 ; On                 ;
; Ignore Verilog initial constructs                                          ; Off                ; Off                ;
; Iteration limit for constant Verilog loops                                 ; 5000               ; 5000               ;
; Iteration limit for non-constant Verilog loops                             ; 250                ; 250                ;
; Add Pass-Through Logic to Inferred RAMs                                    ; On                 ; On                 ;
; Infer RAMs from Raw Logic                                                  ; On                 ; On                 ;
; Parallel Synthesis                                                         ; On                 ; On                 ;
; DSP Block Balancing                                                        ; Auto               ; Auto               ;
; NOT Gate Push-Back                                                         ; On                 ; On                 ;
; Power-Up Don't Care                                                        ; On                 ; On                 ;
; Remove Redundant Logic Cells                                               ; Off                ; Off                ;
; Remove Duplicate Registers                                                 ; On                 ; On                 ;
; Ignore CARRY Buffers                                                       ; Off                ; Off                ;
; Ignore CASCADE Buffers                                                     ; Off                ; Off                ;
; Ignore GLOBAL Buffers                                                      ; Off                ; Off                ;
; Ignore ROW GLOBAL Buffers                                                  ; Off                ; Off                ;
; Ignore LCELL Buffers                                                       ; Off                ; Off                ;
; Ignore SOFT Buffers                                                        ; On                 ; On                 ;
; Limit AHDL Integers to 32 Bits                                             ; Off                ; Off                ;
; Optimization Technique                                                     ; Balanced           ; Balanced           ;
; Carry Chain Length                                                         ; 70                 ; 70                 ;
; Auto Carry Chains                                                          ; On                 ; On                 ;
; Auto Open-Drain Pins                                                       ; On                 ; On                 ;
; Perform WYSIWYG Primitive Resynthesis                                      ; Off                ; Off                ;
; Auto ROM Replacement                                                       ; On                 ; On                 ;
; Auto RAM Replacement                                                       ; On                 ; On                 ;
; Auto Shift Register Replacement                                            ; Auto               ; Auto               ;
; Allow Shift Register Merging across Hierarchies                            ; Auto               ; Auto               ;
; Auto Clock Enable Replacement                                              ; On                 ; On                 ;
; Strict RAM Replacement                                                     ; Off                ; Off                ;
; Allow Synchronous Control Signals                                          ; On                 ; On                 ;
; Force Use of Synchronous Clear Signals                                     ; Off                ; Off                ;
; Auto RAM to Logic Cell Conversion                                          ; Off                ; Off                ;
; Auto Resource Sharing                                                      ; Off                ; Off                ;
; Allow Any RAM Size For Recognition                                         ; Off                ; Off                ;
; Allow Any ROM Size For Recognition                                         ; Off                ; Off                ;
; Allow Any Shift Register Size For Recognition                              ; Off                ; Off                ;
; Use LogicLock Constraints during Resource Balancing                        ; On                 ; On                 ;
; Ignore translate_off and synthesis_off directives                          ; Off                ; Off                ;
; Timing-Driven Synthesis                                                    ; Off                ; Off                ;
; Report Parameter Settings                                                  ; On                 ; On                 ;
; Report Source Assignments                                                  ; On                 ; On                 ;
; Report Connectivity Checks                                                 ; On                 ; On                 ;
; Ignore Maximum Fan-Out Assignments                                         ; Off                ; Off                ;
; Synchronization Register Chain Length                                      ; 2                  ; 2                  ;
; PowerPlay Power Optimization                                               ; Normal compilation ; Normal compilation ;
; HDL message level                                                          ; Level2             ; Level2             ;
; Suppress Register Optimization Related Messages                            ; Off                ; Off                ;
; Number of Removed Registers Reported in Synthesis Report                   ; 5000               ; 5000               ;
; Number of Swept Nodes Reported in Synthesis Report                         ; 5000               ; 5000               ;
; Number of Inverted Registers Reported in Synthesis Report                  ; 100                ; 100                ;
; Clock MUX Protection                                                       ; On                 ; On                 ;
; Auto Gated Clock Conversion                                                ; Off                ; Off                ;
; Block Design Naming                                                        ; Auto               ; Auto               ;
; SDC constraint protection                                                  ; Off                ; Off                ;
; Synthesis Effort                                                           ; Auto               ; Auto               ;
; Shift Register Replacement - Allow Asynchronous Clear Signal               ; On                 ; On                 ;
; Pre-Mapping Resynthesis Optimization                                       ; Off                ; Off                ;
; Analysis & Synthesis Message Level                                         ; Medium             ; Medium             ;
; Disable Register Merging Across Hierarchies                                ; Auto               ; Auto               ;
; Resource Aware Inference For Block RAM                                     ; On                 ; On                 ;
; Synthesis Seed                                                             ; 1                  ; 1                  ;
+----------------------------------------------------------------------------+--------------------+--------------------+


+------------------------------------------+
; Parallel Compilation                     ;
+----------------------------+-------------+
; Processors                 ; Number      ;
+----------------------------+-------------+
; Number detected on machine ; 8           ;
; Maximum allowed            ; 4           ;
;                            ;             ;
; Average used               ; 1.00        ;
; Maximum used               ; 1           ;
;                            ;             ;
; Usage by Processor         ; % Time Used ;
;     Processor 1            ; 100.0%      ;
;     Processors 2-8         ;   0.0%      ;
+----------------------------+-------------+


+-------------------------------------------------------------------------------------------------------------------------------------------------------------+
; Analysis & Synthesis Source Files Read                                                                                                                      ;
+----------------------------------+-----------------+------------------------------------+---------------------------------------------------------+---------+
; File Name with User-Entered Path ; Used in Netlist ; File Type                          ; File Name with Absolute Path                            ; Library ;
+----------------------------------+-----------------+------------------------------------+---------------------------------------------------------+---------+
; music.vhd                        ; yes             ; User VHDL File                     ; C:/Users/ALEX.DON.SCOFIELD/Desktop/clock/music.vhd      ;         ;
; clock.bdf                        ; yes             ; User Block Diagram/Schematic File  ; C:/Users/ALEX.DON.SCOFIELD/Desktop/clock/clock.bdf      ;         ;
; showmodel.vhd                    ; yes             ; User VHDL File                     ; C:/Users/ALEX.DON.SCOFIELD/Desktop/clock/showmodel.vhd  ;         ;
; count.vhd                        ; yes             ; User VHDL File                     ; C:/Users/ALEX.DON.SCOFIELD/Desktop/clock/count.vhd      ;         ;
; centertime.vhd                   ; yes             ; User VHDL File                     ; C:/Users/ALEX.DON.SCOFIELD/Desktop/clock/centertime.vhd ;         ;
; keyscan.vhd                      ; yes             ; User VHDL File                     ; C:/Users/ALEX.DON.SCOFIELD/Desktop/clock/keyscan.vhd    ;         ;
; alarm.vhd                        ; yes             ; User VHDL File                     ; C:/Users/ALEX.DON.SCOFIELD/Desktop/clock/alarm.vhd      ;         ;
+----------------------------------+-----------------+------------------------------------+---------------------------------------------------------+---------+


+------------------------------------------------------------------+
; Analysis & Synthesis Resource Usage Summary                      ;
+---------------------------------------------+--------------------+
; Resource                                    ; Usage              ;
+---------------------------------------------+--------------------+
; Estimated Total logic elements              ; 1,169              ;
;                                             ;                    ;
; Total combinational functions               ; 1164               ;
; Logic element usage by number of LUT inputs ;                    ;
;     -- 4 input functions                    ; 600                ;
;     -- 3 input functions                    ; 217                ;
;     -- <=2 input functions                  ; 347                ;
;                                             ;                    ;
; Logic elements by mode                      ;                    ;
;     -- normal mode                          ; 938                ;
;     -- arithmetic mode                      ; 226                ;
;                                             ;                    ;
; Total registers                             ; 301                ;
;     -- Dedicated logic registers            ; 301                ;
;     -- I/O registers                        ; 0                  ;
;                                             ;                    ;
; I/O pins                                    ; 30                 ;
; Embedded Multiplier 9-bit elements          ; 0                  ;
; Maximum fan-out node                        ; keyscan:inst3|out4 ;
; Maximum fan-out                             ; 101                ;
; Total fan-out                               ; 4605               ;
; Average fan-out                             ; 3.08               ;
+---------------------------------------------+--------------------+


+---------------------------------------------------------------------------------------------------------------------------------------------------------------------------------+
; Analysis & Synthesis Resource Utilization by Entity                                                                                                                             ;
+----------------------------+-------------------+--------------+-------------+--------------+---------+-----------+------+--------------+-------------------------+--------------+
; Compilation Hierarchy Node ; LC Combinationals ; LC Registers ; Memory Bits ; DSP Elements ; DSP 9x9 ; DSP 18x18 ; Pins ; Virtual Pins ; Full Hierarchy Name     ; Library Name ;
+----------------------------+-------------------+--------------+-------------+--------------+---------+-----------+------+--------------+-------------------------+--------------+
; |clock                     ; 1164 (1)          ; 301 (0)      ; 0           ; 0            ; 0       ; 0         ; 30   ; 0            ; |clock                  ;              ;
;    |alarm:inst4|           ; 65 (65)           ; 0 (0)        ; 0           ; 0            ; 0       ; 0         ; 0    ; 0            ; |clock|alarm:inst4      ;              ;
;    |centertime:inst2|      ; 453 (453)         ; 190 (190)    ; 0           ; 0            ; 0       ; 0         ; 0    ; 0            ; |clock|centertime:inst2 ;              ;
;    |count:inst1|           ; 53 (53)           ; 29 (29)      ; 0           ; 0            ; 0       ; 0         ; 0    ; 0            ; |clock|count:inst1      ;              ;
;    |keyscan:inst3|         ; 437 (437)         ; 30 (30)      ; 0           ; 0            ; 0       ; 0         ; 0    ; 0            ; |clock|keyscan:inst3    ;              ;
;    |music:inst5|           ; 114 (114)         ; 48 (48)      ; 0           ; 0            ; 0       ; 0         ; 0    ; 0            ; |clock|music:inst5      ;              ;
;    |showmodel:inst|        ; 41 (41)           ; 4 (4)        ; 0           ; 0            ; 0       ; 0         ; 0    ; 0            ; |clock|showmodel:inst   ;              ;
+----------------------------+-------------------+--------------+-------------+--------------+---------+-----------+------+--------------+-------------------------+--------------+
Note: For table entries with two numbers listed, the numbers in parentheses indicate the number of resources of the given type used by the specific entity alone. The numbers listed outside of parentheses indicate the total resources of the given type used by the specific entity and all of its sub-entities in the hierarchy.


+----------------------------------------------------------------------------------------------------+
; User-Specified and Inferred Latches                                                                ;
+-----------------------------------------------------+---------------------+------------------------+
; Latch Name                                          ; Latch Enable Signal ; Free of Timing Hazards ;
+-----------------------------------------------------+---------------------+------------------------+
; alarm:inst4|flag[1]                                 ; GND                 ; yes                    ;
; alarm:inst4|flag[0]                                 ; GND                 ; yes                    ;
; alarm:inst4|beep                                    ; GND                 ; yes                    ;
; alarm:inst4|alarmatrixset[0][0]                     ; alarm:inst4|st      ; yes                    ;
; alarm:inst4|alarmatrixset[0][1]                     ; alarm:inst4|st      ; yes                    ;
; alarm:inst4|alarmatrixset[0][2]                     ; alarm:inst4|st      ; yes                    ;
; alarm:inst4|alarmatrixset[0][3]                     ; alarm:inst4|st      ; yes                    ;
; alarm:inst4|alarmatrixset[1][0]                     ; alarm:inst4|st      ; yes                    ;
; alarm:inst4|alarmatrixset[1][1]                     ; alarm:inst4|st      ; yes                    ;
; alarm:inst4|alarmatrixset[1][2]                     ; alarm:inst4|st      ; yes                    ;
; alarm:inst4|alarmatrixset[1][3]                     ; alarm:inst4|st      ; yes                    ;
; alarm:inst4|alarmatrixset[2][0]                     ; alarm:inst4|st      ; yes                    ;
; alarm:inst4|alarmatrixset[2][1]                     ; alarm:inst4|st      ; yes                    ;
; alarm:inst4|alarmatrixset[2][2]                     ; alarm:inst4|st      ; yes                    ;
; alarm:inst4|alarmatrixset[2][3]                     ; alarm:inst4|st      ; yes                    ;
; alarm:inst4|alarmatrixset[3][0]                     ; alarm:inst4|st      ; yes                    ;
; alarm:inst4|alarmatrixset[3][1]                     ; alarm:inst4|st      ; yes                    ;
; alarm:inst4|alarmatrixset[3][2]                     ; alarm:inst4|st      ; yes                    ;
; alarm:inst4|alarmatrixset[3][3]                     ; alarm:inst4|st      ; yes                    ;
; alarm:inst4|alarmatrixset[4][0]                     ; alarm:inst4|st      ; yes                    ;
; alarm:inst4|alarmatrixset[4][1]                     ; alarm:inst4|st      ; yes                    ;
; alarm:inst4|alarmatrixset[4][2]                     ; alarm:inst4|st      ; yes                    ;
; alarm:inst4|alarmatrixset[4][3]                     ; alarm:inst4|st      ; yes                    ;
; alarm:inst4|alarmatrixset[5][0]                     ; alarm:inst4|st      ; yes                    ;
; alarm:inst4|alarmatrixset[5][1]                     ; alarm:inst4|st      ; yes                    ;
; alarm:inst4|alarmatrixset[5][2]                     ; alarm:inst4|st      ; yes                    ;
; alarm:inst4|alarmatrixset[5][3]                     ; alarm:inst4|st      ; yes                    ;
; Number of user-specified and inferred latches = 27  ;                     ;                        ;
+-----------------------------------------------------+---------------------+------------------------+
Note: All latches listed above may not be present at the end of synthesis due to various synthesis optimizations.


+--------------------------------------------------------------------------------+
; Registers Removed During Synthesis                                             ;
+---------------------------------------+----------------------------------------+
; Register name                         ; Reason for Removal                     ;
+---------------------------------------+----------------------------------------+
; keyscan:inst3|state1[0]               ; Merged with keyscan:inst3|out1[0]      ;
; keyscan:inst3|state1[1]               ; Merged with keyscan:inst3|out1[1]      ;
; centertime:inst2|weekmatrix[5][3]     ; Stuck at GND due to stuck port data_in ;
; Total Number of Removed Registers = 3 ;                                        ;
+---------------------------------------+----------------------------------------+


+------------------------------------------------------+
; General Register Statistics                          ;
+----------------------------------------------+-------+
; Statistic                                    ; Value ;
+----------------------------------------------+-------+
; Total registers                              ; 301   ;
; Number of registers using Synchronous Clear  ; 2     ;
; Number of registers using Synchronous Load   ; 23    ;
; Number of registers using Asynchronous Clear ; 78    ;
; Number of registers using Asynchronous Load  ; 0     ;
; Number of registers using Clock Enable       ; 153   ;
; Number of registers using Preset             ; 0     ;
+----------------------------------------------+-------+


+---------------------------------------------------+
; Inverted Register Statistics                      ;
+-----------------------------------------+---------+
; Inverted Register                       ; Fan out ;
+-----------------------------------------+---------+
; music:inst5|spk                         ; 2       ;
; centertime:inst2|mid2[2]                ; 1       ;
; centertime:inst2|l2[2]                  ; 4       ;
; centertime:inst2|h2[2]                  ; 5       ;
; centertime:inst2|h3[2]                  ; 5       ;
; centertime:inst2|h1[2]                  ; 3       ;
; centertime:inst2|l1[2]                  ; 3       ;
; centertime:inst2|l3[2]                  ; 5       ;
; centertime:inst2|mid1[2]                ; 1       ;
; centertime:inst2|mid2[3]                ; 1       ;
; centertime:inst2|l2[3]                  ; 5       ;
; centertime:inst2|h2[3]                  ; 4       ;
; centertime:inst2|h3[3]                  ; 5       ;
; centertime:inst2|l1[3]                  ; 3       ;
; centertime:inst2|h1[3]                  ; 3       ;
; centertime:inst2|l3[3]                  ; 8       ;
; centertime:inst2|mid1[3]                ; 1       ;
; showmodel:inst|wei[3]                   ; 5       ;
; centertime:inst2|sect[0]                ; 26      ;
; centertime:inst2|sect[2]                ; 17      ;
; count:inst1|j[5]                        ; 2       ;
; count:inst1|j[6]                        ; 2       ;
; count:inst1|j[7]                        ; 3       ;
; count:inst1|j[8]                        ; 3       ;
; count:inst1|j[3]                        ; 3       ;
; count:inst1|j[9]                        ; 3       ;
; count:inst1|i[4]                        ; 2       ;
; count:inst1|i[6]                        ; 2       ;
; count:inst1|i[8]                        ; 2       ;
; count:inst1|i[9]                        ; 2       ;
; count:inst1|i[14]                       ; 2       ;
; count:inst1|i[15]                       ; 2       ;
; keyscan:inst3|out1[2]                   ; 41      ;
; centertime:inst2|alarmatrixset[3][1]    ; 4       ;
; centertime:inst2|alarmatrixset[2][1]    ; 4       ;
; centertime:inst2|alarmatrixset[4][1]    ; 4       ;
; centertime:inst2|alarmatrixset[0][1]    ; 4       ;
; centertime:inst2|alarmatrixset[1][1]    ; 5       ;
; centertime:inst2|alarmatrixset[5][1]    ; 4       ;
; centertime:inst2|temp[0]                ; 4       ;
; centertime:inst2|temp[2]                ; 3       ;
; centertime:inst2|timematrixset[2][0]    ; 6       ;
; centertime:inst2|timematrixset[3][0]    ; 6       ;
; centertime:inst2|datematrixset[2][0]    ; 6       ;
; centertime:inst2|timematrixset[4][0]    ; 6       ;
; centertime:inst2|datematrixset[0][0]    ; 6       ;
; centertime:inst2|weekset[0]             ; 5       ;
; centertime:inst2|datematrixset[1][0]    ; 6       ;
; centertime:inst2|datematrixset[5][0]    ; 6       ;
; centertime:inst2|datematrixset[3][1]    ; 6       ;
; centertime:inst2|datematrixset[4][1]    ; 5       ;
; centertime:inst2|weekset[1]             ; 5       ;
; centertime:inst2|timematrixset[2][2]    ; 5       ;
; centertime:inst2|timematrixset[4][2]    ; 5       ;
; centertime:inst2|weekset[2]             ; 4       ;
; centertime:inst2|datematrixset[1][2]    ; 5       ;
; centertime:inst2|timematrixset[3][3]    ; 4       ;
; centertime:inst2|datematrixset[5][3]    ; 4       ;
; Total number of inverted registers = 58 ;         ;
+-----------------------------------------+---------+


+-----------------------------------------------------------------------------------------------------------------------------------------------------------+
; Multiplexer Restructuring Statistics (Restructuring Performed)                                                                                            ;
+--------------------+-----------+---------------+----------------------+------------------------+------------+---------------------------------------------+
; Multiplexer Inputs ; Bus Width ; Baseline Area ; Area if Restructured ; Saving if Restructured ; Registered ; Example Multiplexer Output                  ;
+--------------------+-----------+---------------+----------------------+------------------------+------------+---------------------------------------------+
; 3:1                ; 2 bits    ; 4 LEs         ; 2 LEs                ; 2 LEs                  ; Yes        ; |clock|keyscan:inst3|out3                   ;
; 3:1                ; 2 bits    ; 4 LEs         ; 2 LEs                ; 2 LEs                  ; Yes        ; |clock|keyscan:inst3|state5                 ;
; 3:1                ; 17 bits   ; 34 LEs        ; 34 LEs               ; 0 LEs                  ; Yes        ; |clock|keyscan:inst3|keys[16]               ;
; 3:1                ; 3 bits    ; 6 LEs         ; 3 LEs                ; 3 LEs                  ; Yes        ; |clock|centertime:inst2|alarmatrixset[2][3] ;
; 3:1                ; 3 bits    ; 6 LEs         ; 3 LEs                ; 3 LEs                  ; Yes        ; |clock|centertime:inst2|alarmatrixset[3][0] ;
; 3:1                ; 3 bits    ; 6 LEs         ; 3 LEs                ; 3 LEs                  ; Yes        ; |clock|centertime:inst2|alarmatrixset[4][0] ;
; 3:1                ; 3 bits    ; 6 LEs         ; 3 LEs                ; 3 LEs                  ; Yes        ; |clock|centertime:inst2|alarmatrixset[5][3] ;
; 3:1                ; 2 bits    ; 4 LEs         ; 2 LEs                ; 2 LEs                  ; Yes        ; |clock|centertime:inst2|timematrixset[2][3] ;
; 3:1                ; 3 bits    ; 6 LEs         ; 3 LEs                ; 3 LEs                  ; Yes        ; |clock|centertime:inst2|datematrixset[2][3] ;
; 3:1                ; 2 bits    ; 4 LEs         ; 2 LEs                ; 2 LEs                  ; Yes        ; |clock|centertime:inst2|timematrixset[3][2] ;
; 3:1                ; 3 bits    ; 6 LEs         ; 3 LEs                ; 3 LEs                  ; Yes        ; |clock|centertime:inst2|datematrixset[3][2] ;
; 3:1                ; 2 bits    ; 4 LEs         ; 2 LEs                ; 2 LEs                  ; Yes        ; |clock|centertime:inst2|timematrixset[4][1] ;
; 3:1                ; 3 bits    ; 6 LEs         ; 3 LEs                ; 3 LEs                  ; Yes        ; |clock|centertime:inst2|datematrixset[4][2] ;
; 3:1                ; 4 bits    ; 8 LEs         ; 4 LEs                ; 4 LEs                  ; Yes        ; |clock|centertime:inst2|timematrixset[5][2] ;
; 3:1                ; 2 bits    ; 4 LEs         ; 2 LEs                ; 2 LEs                  ; Yes        ; |clock|centertime:inst2|datematrixset[5][2] ;
; 8:1                ; 3 bits    ; 15 LEs        ; 9 LEs                ; 6 LEs                  ; Yes        ; |clock|centertime:inst2|l1[1]               ;
; 8:1                ; 6 bits    ; 30 LEs        ; 18 LEs               ; 12 LEs                 ; Yes        ; |clock|centertime:inst2|l3[0]               ;
; 7:1                ; 3 bits    ; 12 LEs        ; 3 LEs                ; 9 LEs                  ; Yes        ; |clock|centertime:inst2|alarmatrixset[0][0] ;
; 7:1                ; 3 bits    ; 12 LEs        ; 3 LEs                ; 9 LEs                  ; Yes        ; |clock|centertime:inst2|alarmatrixset[1][0] ;
; 7:1                ; 4 bits    ; 16 LEs        ; 4 LEs                ; 12 LEs                 ; Yes        ; |clock|centertime:inst2|timematrixset[0][3] ;
; 7:1                ; 3 bits    ; 12 LEs        ; 3 LEs                ; 9 LEs                  ; Yes        ; |clock|centertime:inst2|datematrixset[0][2] ;
; 7:1                ; 4 bits    ; 16 LEs        ; 4 LEs                ; 12 LEs                 ; Yes        ; |clock|centertime:inst2|timematrixset[1][3] ;
; 7:1                ; 2 bits    ; 8 LEs         ; 2 LEs                ; 6 LEs                  ; Yes        ; |clock|centertime:inst2|datematrixset[1][1] ;
; 9:1                ; 2 bits    ; 12 LEs        ; 4 LEs                ; 8 LEs                  ; Yes        ; |clock|centertime:inst2|mid1[1]             ;
; 6:1                ; 2 bits    ; 8 LEs         ; 4 LEs                ; 4 LEs                  ; Yes        ; |clock|centertime:inst2|mid2[1]             ;
; 3:1                ; 2 bits    ; 4 LEs         ; 2 LEs                ; 2 LEs                  ; Yes        ; |clock|centertime:inst2|timematrixset[2][2] ;
; 3:1                ; 2 bits    ; 4 LEs         ; 2 LEs                ; 2 LEs                  ; Yes        ; |clock|centertime:inst2|timematrixset[3][3] ;
; 3:1                ; 2 bits    ; 4 LEs         ; 2 LEs                ; 2 LEs                  ; Yes        ; |clock|centertime:inst2|timematrixset[4][2] ;
; 3:1                ; 2 bits    ; 4 LEs         ; 2 LEs                ; 2 LEs                  ; Yes        ; |clock|centertime:inst2|datematrixset[5][3] ;
; 3:1                ; 3 bits    ; 6 LEs         ; 3 LEs                ; 3 LEs                  ; Yes        ; |clock|centertime:inst2|weekset[1]          ;
; 8:1                ; 4 bits    ; 20 LEs        ; 12 LEs               ; 8 LEs                  ; Yes        ; |clock|centertime:inst2|l2[3]               ;
; 8:1                ; 5 bits    ; 25 LEs        ; 15 LEs               ; 10 LEs                 ; Yes        ; |clock|centertime:inst2|h1[3]               ;
; 7:1                ; 2 bits    ; 8 LEs         ; 2 LEs                ; 6 LEs                  ; Yes        ; |clock|centertime:inst2|datematrixset[1][0] ;
; 9:1                ; 2 bits    ; 12 LEs        ; 4 LEs                ; 8 LEs                  ; Yes        ; |clock|centertime:inst2|mid1[3]             ;
; 6:1                ; 2 bits    ; 8 LEs         ; 4 LEs                ; 4 LEs                  ; Yes        ; |clock|centertime:inst2|mid2[3]             ;
; 9:1                ; 2 bits    ; 12 LEs        ; 8 LEs                ; 4 LEs                  ; Yes        ; |clock|centertime:inst2|h2[3]               ;
; 3:1                ; 17 bits   ; 34 LEs        ; 34 LEs               ; 0 LEs                  ; No         ; |clock|keyscan:inst3|keys                   ;
; 3:1                ; 17 bits   ; 34 LEs        ; 34 LEs               ; 0 LEs                  ; No         ; |clock|keyscan:inst3|keys                   ;
; 3:1                ; 17 bits   ; 34 LEs        ; 34 LEs               ; 0 LEs                  ; No         ; |clock|keyscan:inst3|keys                   ;
; 3:1                ; 17 bits   ; 34 LEs        ; 34 LEs               ; 0 LEs                  ; No         ; |clock|keyscan:inst3|keys                   ;
; 3:1                ; 17 bits   ; 34 LEs        ; 34 LEs               ; 0 LEs                  ; No         ; |clock|keyscan:inst3|keys                   ;
; 8:1                ; 4 bits    ; 20 LEs        ; 20 LEs               ; 0 LEs                  ; No         ; |clock|showmodel:inst|Mux7                  ;
; 3:1                ; 17 bits   ; 34 LEs        ; 34 LEs               ; 0 LEs                  ; No         ; |clock|keyscan:inst3|keys                   ;
; 3:1                ; 17 bits   ; 34 LEs        ; 34 LEs               ; 0 LEs                  ; No         ; |clock|keyscan:inst3|keys                   ;
; 3:1                ; 17 bits   ; 34 LEs        ; 34 LEs               ; 0 LEs                  ; No         ; |clock|keyscan:inst3|keys                   ;
; 3:1                ; 17 bits   ; 34 LEs        ; 34 LEs               ; 0 LEs                  ; No         ; |clock|keyscan:inst3|keys                   ;
+--------------------+-----------+---------------+----------------------+------------------------+------------+---------------------------------------------+


+-------------------------------+
; Elapsed Time Per Partition    ;
+----------------+--------------+
; Partition Name ; Elapsed Time ;
+----------------+--------------+
; Top            ; 00:00:02     ;
+----------------+--------------+


+-------------------------------+
; Analysis & Synthesis Messages ;
+-------------------------------+
Info: *******************************************************************
Info: Running Quartus II 64-Bit Analysis & Synthesis
    Info: Version 13.0.0 Build 156 04/24/2013 SJ Full Version
    Info: Processing started: Sat Sep 19 10:11:24 2015
Info: Command: quartus_map --read_settings_files=on --write_settings_files=off clock -c clock
Info (11104): Parallel Compilation has detected 8 hyper-threaded processors. However, the extra hyper-threaded processors will not be used by default. Parallel Compilation will use 4 of the 4 physical processors detected instead.
Info (12021): Found 2 design units, including 1 entities, in source file music.vhd
    Info (12022): Found design unit 1: music-behave
    Info (12023): Found entity 1: music
Info (12021): Found 1 design units, including 1 entities, in source file clock.bdf
    Info (12023): Found entity 1: clock
Info (12021): Found 2 design units, including 1 entities, in source file showmodel.vhd
    Info (12022): Found design unit 1: showmodel-show
    Info (12023): Found entity 1: showmodel
Info (12021): Found 2 design units, including 1 entities, in source file count.vhd
    Info (12022): Found design unit 1: count-fre
    Info (12023): Found entity 1: count
Info (12021): Found 2 design units, including 1 entities, in source file centertime.vhd
    Info (12022): Found design unit 1: centertime-timeout
    Info (12023): Found entity 1: centertime
Info (12021): Found 2 design units, including 1 entities, in source file keyscan.vhd
    Info (12022): Found design unit 1: keyscan-scan
    Info (12023): Found entity 1: keyscan
Info (12021): Found 2 design units, including 1 entities, in source file alarm.vhd
    Info (12022): Found design unit 1: alarm-bing
    Info (12023): Found entity 1: alarm
Info (12127): Elaborating entity "clock" for the top level hierarchy
Info (12128): Elaborating entity "count" for hierarchy "count:inst1"
Warning (10492): VHDL Process Statement warning at count.vhd(16): signal "a" is read inside the Process Statement but isn't in the Process Statement's sensitivity list
Warning (10492): VHDL Process Statement warning at count.vhd(17): signal "b" is read inside the Process Statement but isn't in the Process Statement's sensitivity list
Warning (10492): VHDL Process Statement warning at count.vhd(18): signal "c" is read inside the Process Statement but isn't in the Process Statement's sensitivity list
Info (12128): Elaborating entity "alarm" for hierarchy "alarm:inst4"
Warning (10812): VHDL warning at alarm.vhd(21): sensitivity list already contains sh
Warning (10812): VHDL warning at alarm.vhd(21): sensitivity list already contains sl
Warning (10492): VHDL Process Statement warning at alarm.vhd(33): signal "flag" is read inside the Process Statement but isn't in the Process Statement's sensitivity list
Warning (10492): VHDL Process Statement warning at alarm.vhd(36): signal "hh" is read inside the Process Statement but isn't in the Process Statement's sensitivity list
Warning (10492): VHDL Process Statement warning at alarm.vhd(36): signal "alarmatrixset" is read inside the Process Statement but isn't in the Process Statement's sensitivity list
Warning (10492): VHDL Process Statement warning at alarm.vhd(36): signal "hl" is read inside the Process Statement but isn't in the Process Statement's sensitivity list
Warning (10631): VHDL Process Statement warning at alarm.vhd(21): inferring latch(es) for signal or variable "flag", which holds its previous value in one or more paths through the process
Warning (10631): VHDL Process Statement warning at alarm.vhd(40): inferring latch(es) for signal or variable "beep", which holds its previous value in one or more paths through the process
Warning (10492): VHDL Process Statement warning at alarm.vhd(65): signal "switch" is read inside the Process Statement but isn't in the Process Statement's sensitivity list
Warning (10631): VHDL Process Statement warning at alarm.vhd(63): inferring latch(es) for signal or variable "alarmatrixset", which holds its previous value in one or more paths through the process
Info (10041): Inferred latch for "alarmatrixset[0][0]" at alarm.vhd(63)
Info (10041): Inferred latch for "alarmatrixset[0][1]" at alarm.vhd(63)
Info (10041): Inferred latch for "alarmatrixset[0][2]" at alarm.vhd(63)
Info (10041): Inferred latch for "alarmatrixset[0][3]" at alarm.vhd(63)
Info (10041): Inferred latch for "alarmatrixset[1][0]" at alarm.vhd(63)
Info (10041): Inferred latch for "alarmatrixset[1][1]" at alarm.vhd(63)
Info (10041): Inferred latch for "alarmatrixset[1][2]" at alarm.vhd(63)
Info (10041): Inferred latch for "alarmatrixset[1][3]" at alarm.vhd(63)
Info (10041): Inferred latch for "alarmatrixset[2][0]" at alarm.vhd(63)
Info (10041): Inferred latch for "alarmatrixset[2][1]" at alarm.vhd(63)
Info (10041): Inferred latch for "alarmatrixset[2][2]" at alarm.vhd(63)
Info (10041): Inferred latch for "alarmatrixset[2][3]" at alarm.vhd(63)
Info (10041): Inferred latch for "alarmatrixset[3][0]" at alarm.vhd(63)
Info (10041): Inferred latch for "alarmatrixset[3][1]" at alarm.vhd(63)
Info (10041): Inferred latch for "alarmatrixset[3][2]" at alarm.vhd(63)
Info (10041): Inferred latch for "alarmatrixset[3][3]" at alarm.vhd(63)
Info (10041): Inferred latch for "alarmatrixset[4][0]" at alarm.vhd(63)
Info (10041): Inferred latch for "alarmatrixset[4][1]" at alarm.vhd(63)
Info (10041): Inferred latch for "alarmatrixset[4][2]" at alarm.vhd(63)
Info (10041): Inferred latch for "alarmatrixset[4][3]" at alarm.vhd(63)
Info (10041): Inferred latch for "alarmatrixset[5][0]" at alarm.vhd(63)
Info (10041): Inferred latch for "alarmatrixset[5][1]" at alarm.vhd(63)
Info (10041): Inferred latch for "alarmatrixset[5][2]" at alarm.vhd(63)
Info (10041): Inferred latch for "alarmatrixset[5][3]" at alarm.vhd(63)
Info (10041): Inferred latch for "beep" at alarm.vhd(40)
Info (10041): Inferred latch for "flag[0]" at alarm.vhd(21)
Info (10041): Inferred latch for "flag[1]" at alarm.vhd(21)
Info (12128): Elaborating entity "keyscan" for hierarchy "keyscan:inst3"
Warning (10492): VHDL Process Statement warning at keyscan.vhd(17): signal "a" is read inside the Process Statement but isn't in the Process Statement's sensitivity list
Warning (10492): VHDL Process Statement warning at keyscan.vhd(18): signal "b" is read inside the Process Statement but isn't in the Process Statement's sensitivity list
Warning (10492): VHDL Process Statement warning at keyscan.vhd(19): signal "clk" is read inside the Process Statement but isn't in the Process Statement's sensitivity list
Info (12128): Elaborating entity "centertime" for hierarchy "centertime:inst2"
Warning (10492): VHDL Process Statement warning at centertime.vhd(87): signal "switch" is read inside the Process Statement but isn't in the Process Statement's sensitivity list
Warning (10492): VHDL Process Statement warning at centertime.vhd(89): signal "timematrixset" is read inside the Process Statement but isn't in the Process Statement's sensitivity list
Warning (10492): VHDL Process Statement warning at centertime.vhd(92): signal "switch" is read inside the Process Statement but isn't in the Process Statement's sensitivity list
Warning (10492): VHDL Process Statement warning at centertime.vhd(94): signal "datematrixset" is read inside the Process Statement but isn't in the Process Statement's sensitivity list
Warning (10492): VHDL Process Statement warning at centertime.vhd(97): signal "switch" is read inside the Process Statement but isn't in the Process Statement's sensitivity list
Warning (10492): VHDL Process Statement warning at centertime.vhd(98): signal "weekset" is read inside the Process Statement but isn't in the Process Statement's sensitivity list
Warning (10492): VHDL Process Statement warning at centertime.vhd(100): signal "timematrix" is read inside the Process Statement but isn't in the Process Statement's sensitivity list
Warning (10492): VHDL Process Statement warning at centertime.vhd(101): signal "timematrix" is read inside the Process Statement but isn't in the Process Statement's sensitivity list
Warning (10492): VHDL Process Statement warning at centertime.vhd(103): signal "timematrix" is read inside the Process Statement but isn't in the Process Statement's sensitivity list
Warning (10492): VHDL Process Statement warning at centertime.vhd(104): signal "timematrix" is read inside the Process Statement but isn't in the Process Statement's sensitivity list
Warning (10492): VHDL Process Statement warning at centertime.vhd(238): signal "up" is read inside the Process Statement but isn't in the Process Statement's sensitivity list
Info (12128): Elaborating entity "music" for hierarchy "music:inst5"
Info (12128): Elaborating entity "showmodel" for hierarchy "showmodel:inst"
Warning (10492): VHDL Process Statement warning at showmodel.vhd(26): signal "flash" is read inside the Process Statement but isn't in the Process Statement's sensitivity list
Warning (10492): VHDL Process Statement warning at showmodel.vhd(26): signal "p1" is read inside the Process Statement but isn't in the Process Statement's sensitivity list
Warning (10492): VHDL Process Statement warning at showmodel.vhd(27): signal "flash" is read inside the Process Statement but isn't in the Process Statement's sensitivity list
Warning (10492): VHDL Process Statement warning at showmodel.vhd(27): signal "p2" is read inside the Process Statement but isn't in the Process Statement's sensitivity list
Warning (10492): VHDL Process Statement warning at showmodel.vhd(28): signal "flash" is read inside the Process Statement but isn't in the Process Statement's sensitivity list
Warning (10492): VHDL Process Statement warning at showmodel.vhd(28): signal "p3" is read inside the Process Statement but isn't in the Process Statement's sensitivity list
Warning (10492): VHDL Process Statement warning at showmodel.vhd(29): signal "flash" is read inside the Process Statement but isn't in the Process Statement's sensitivity list
Warning (10492): VHDL Process Statement warning at showmodel.vhd(29): signal "p4" is read inside the Process Statement but isn't in the Process Statement's sensitivity list
Warning (10492): VHDL Process Statement warning at showmodel.vhd(30): signal "flash" is read inside the Process Statement but isn't in the Process Statement's sensitivity list
Warning (10492): VHDL Process Statement warning at showmodel.vhd(30): signal "p5" is read inside the Process Statement but isn't in the Process Statement's sensitivity list
Warning (10492): VHDL Process Statement warning at showmodel.vhd(31): signal "flash" is read inside the Process Statement but isn't in the Process Statement's sensitivity list
Warning (10492): VHDL Process Statement warning at showmodel.vhd(31): signal "p6" is read inside the Process Statement but isn't in the Process Statement's sensitivity list
Warning (10492): VHDL Process Statement warning at showmodel.vhd(32): signal "flash" is read inside the Process Statement but isn't in the Process Statement's sensitivity list
Warning (10492): VHDL Process Statement warning at showmodel.vhd(32): signal "p7" is read inside the Process Statement but isn't in the Process Statement's sensitivity list
Warning (10492): VHDL Process Statement warning at showmodel.vhd(33): signal "flash" is read inside the Process Statement but isn't in the Process Statement's sensitivity list
Warning (10492): VHDL Process Statement warning at showmodel.vhd(33): signal "p8" is read inside the Process Statement but isn't in the Process Statement's sensitivity list
Info (13000): Registers with preset signals will power-up high
Info (13003): DEV_CLRn pin will set, and not reset, register with preset signal due to NOT Gate Push-Back
Warning (13004): Presettable and clearable registers converted to equivalent circuits with latches. Registers power-up to an undefined state, and DEVCLRn places the registers in an undefined state.
    Warning (13310): Register "centertime:inst2|datematrix[0][0]" is converted into an equivalent circuit using register "centertime:inst2|datematrix[0][0]~_emulated" and latch "centertime:inst2|datematrix[0][0]~1"
    Warning (13310): Register "centertime:inst2|weekmatrix[5][0]" is converted into an equivalent circuit using register "centertime:inst2|weekmatrix[5][0]~_emulated" and latch "centertime:inst2|weekmatrix[5][0]~1"
    Warning (13310): Register "centertime:inst2|timematrix[0][0]" is converted into an equivalent circuit using register "centertime:inst2|timematrix[0][0]~_emulated" and latch "centertime:inst2|timematrix[0][0]~1"
    Warning (13310): Register "centertime:inst2|timematrix[1][0]" is converted into an equivalent circuit using register "centertime:inst2|timematrix[1][0]~_emulated" and latch "centertime:inst2|timematrix[1][0]~5"
    Warning (13310): Register "centertime:inst2|datematrix[1][0]" is converted into an equivalent circuit using register "centertime:inst2|datematrix[1][0]~_emulated" and latch "centertime:inst2|datematrix[1][0]~5"
    Warning (13310): Register "centertime:inst2|timematrix[1][1]" is converted into an equivalent circuit using register "centertime:inst2|timematrix[1][1]~_emulated" and latch "centertime:inst2|timematrix[1][1]~9"
    Warning (13310): Register "centertime:inst2|timematrix[0][1]" is converted into an equivalent circuit using register "centertime:inst2|timematrix[0][1]~_emulated" and latch "centertime:inst2|timematrix[0][1]~13"
    Warning (13310): Register "centertime:inst2|timematrix[1][2]" is converted into an equivalent circuit using register "centertime:inst2|timematrix[1][2]~_emulated" and latch "centertime:inst2|timematrix[1][2]~17"
    Warning (13310): Register "centertime:inst2|timematrix[0][2]" is converted into an equivalent circuit using register "centertime:inst2|timematrix[0][2]~_emulated" and latch "centertime:inst2|timematrix[0][2]~21"
    Warning (13310): Register "centertime:inst2|timematrix[1][3]" is converted into an equivalent circuit using register "centertime:inst2|timematrix[1][3]~_emulated" and latch "centertime:inst2|timematrix[1][3]~25"
    Warning (13310): Register "centertime:inst2|timematrix[0][3]" is converted into an equivalent circuit using register "centertime:inst2|timematrix[0][3]~_emulated" and latch "centertime:inst2|timematrix[0][3]~29"
    Warning (13310): Register "centertime:inst2|datematrix[5][0]" is converted into an equivalent circuit using register "centertime:inst2|datematrix[5][0]~_emulated" and latch "centertime:inst2|datematrix[5][0]~9"
    Warning (13310): Register "centertime:inst2|timematrix[5][0]" is converted into an equivalent circuit using register "centertime:inst2|timematrix[5][0]~_emulated" and latch "centertime:inst2|timematrix[5][0]~33"
    Warning (13310): Register "centertime:inst2|timematrix[2][0]" is converted into an equivalent circuit using register "centertime:inst2|timematrix[2][0]~_emulated" and latch "centertime:inst2|timematrix[2][0]~37"
    Warning (13310): Register "centertime:inst2|timematrix[3][0]" is converted into an equivalent circuit using register "centertime:inst2|timematrix[3][0]~_emulated" and latch "centertime:inst2|timematrix[3][0]~41"
    Warning (13310): Register "centertime:inst2|datematrix[3][0]" is converted into an equivalent circuit using register "centertime:inst2|datematrix[3][0]~_emulated" and latch "centertime:inst2|datematrix[3][0]~13"
    Warning (13310): Register "centertime:inst2|datematrix[2][0]" is converted into an equivalent circuit using register "centertime:inst2|datematrix[2][0]~_emulated" and latch "centertime:inst2|datematrix[2][0]~17"
    Warning (13310): Register "centertime:inst2|datematrix[4][0]" is converted into an equivalent circuit using register "centertime:inst2|datematrix[4][0]~_emulated" and latch "centertime:inst2|datematrix[4][0]~21"
    Warning (13310): Register "centertime:inst2|timematrix[4][0]" is converted into an equivalent circuit using register "centertime:inst2|timematrix[4][0]~_emulated" and latch "centertime:inst2|timematrix[4][0]~45"
    Warning (13310): Register "centertime:inst2|datematrix[0][1]" is converted into an equivalent circuit using register "centertime:inst2|datematrix[0][1]~_emulated" and latch "centertime:inst2|datematrix[0][1]~25"
    Warning (13310): Register "centertime:inst2|weekmatrix[5][1]" is converted into an equivalent circuit using register "centertime:inst2|weekmatrix[5][1]~_emulated" and latch "centertime:inst2|weekmatrix[5][1]~5"
    Warning (13310): Register "centertime:inst2|datematrix[1][1]" is converted into an equivalent circuit using register "centertime:inst2|datematrix[1][1]~_emulated" and latch "centertime:inst2|datematrix[1][1]~29"
    Warning (13310): Register "centertime:inst2|datematrix[5][1]" is converted into an equivalent circuit using register "centertime:inst2|datematrix[5][1]~_emulated" and latch "centertime:inst2|datematrix[5][1]~33"
    Warning (13310): Register "centertime:inst2|timematrix[5][1]" is converted into an equivalent circuit using register "centertime:inst2|timematrix[5][1]~_emulated" and latch "centertime:inst2|timematrix[5][1]~49"
    Warning (13310): Register "centertime:inst2|timematrix[2][1]" is converted into an equivalent circuit using register "centertime:inst2|timematrix[2][1]~_emulated" and latch "centertime:inst2|timematrix[2][1]~53"
    Warning (13310): Register "centertime:inst2|timematrix[3][1]" is converted into an equivalent circuit using register "centertime:inst2|timematrix[3][1]~_emulated" and latch "centertime:inst2|timematrix[3][1]~57"
    Warning (13310): Register "centertime:inst2|datematrix[3][1]" is converted into an equivalent circuit using register "centertime:inst2|datematrix[3][1]~_emulated" and latch "centertime:inst2|datematrix[3][1]~37"
    Warning (13310): Register "centertime:inst2|datematrix[2][1]" is converted into an equivalent circuit using register "centertime:inst2|datematrix[2][1]~_emulated" and latch "centertime:inst2|datematrix[2][1]~41"
    Warning (13310): Register "centertime:inst2|datematrix[4][1]" is converted into an equivalent circuit using register "centertime:inst2|datematrix[4][1]~_emulated" and latch "centertime:inst2|datematrix[4][1]~45"
    Warning (13310): Register "centertime:inst2|timematrix[4][1]" is converted into an equivalent circuit using register "centertime:inst2|timematrix[4][1]~_emulated" and latch "centertime:inst2|timematrix[4][1]~61"
    Warning (13310): Register "centertime:inst2|weekmatrix[5][2]" is converted into an equivalent circuit using register "centertime:inst2|weekmatrix[5][2]~_emulated" and latch "centertime:inst2|weekmatrix[5][2]~9"
    Warning (13310): Register "centertime:inst2|datematrix[0][2]" is converted into an equivalent circuit using register "centertime:inst2|datematrix[0][2]~_emulated" and latch "centertime:inst2|datematrix[0][2]~49"
    Warning (13310): Register "centertime:inst2|datematrix[1][2]" is converted into an equivalent circuit using register "centertime:inst2|datematrix[1][2]~_emulated" and latch "centertime:inst2|datematrix[1][2]~53"
    Warning (13310): Register "centertime:inst2|datematrix[5][2]" is converted into an equivalent circuit using register "centertime:inst2|datematrix[5][2]~_emulated" and latch "centertime:inst2|datematrix[5][2]~57"
    Warning (13310): Register "centertime:inst2|timematrix[5][2]" is converted into an equivalent circuit using register "centertime:inst2|timematrix[5][2]~_emulated" and latch "centertime:inst2|timematrix[5][2]~65"
    Warning (13310): Register "centertime:inst2|timematrix[2][2]" is converted into an equivalent circuit using register "centertime:inst2|timematrix[2][2]~_emulated" and latch "centertime:inst2|timematrix[2][2]~69"
    Warning (13310): Register "centertime:inst2|timematrix[3][2]" is converted into an equivalent circuit using register "centertime:inst2|timematrix[3][2]~_emulated" and latch "centertime:inst2|timematrix[3][2]~73"
    Warning (13310): Register "centertime:inst2|datematrix[3][2]" is converted into an equivalent circuit using register "centertime:inst2|datematrix[3][2]~_emulated" and latch "centertime:inst2|datematrix[3][2]~61"
    Warning (13310): Register "centertime:inst2|datematrix[2][2]" is converted into an equivalent circuit using register "centertime:inst2|datematrix[2][2]~_emulated" and latch "centertime:inst2|datematrix[2][2]~65"
    Warning (13310): Register "centertime:inst2|datematrix[4][2]" is converted into an equivalent circuit using register "centertime:inst2|datematrix[4][2]~_emulated" and latch "centertime:inst2|datematrix[4][2]~69"
    Warning (13310): Register "centertime:inst2|timematrix[4][2]" is converted into an equivalent circuit using register "centertime:inst2|timematrix[4][2]~_emulated" and latch "centertime:inst2|timematrix[4][2]~77"
    Warning (13310): Register "centertime:inst2|datematrix[1][3]" is converted into an equivalent circuit using register "centertime:inst2|datematrix[1][3]~_emulated" and latch "centertime:inst2|datematrix[1][3]~73"
    Warning (13310): Register "centertime:inst2|datematrix[0][3]" is converted into an equivalent circuit using register "centertime:inst2|datematrix[0][3]~_emulated" and latch "centertime:inst2|datematrix[0][3]~77"
    Warning (13310): Register "centertime:inst2|timematrix[5][3]" is converted into an equivalent circuit using register "centertime:inst2|timematrix[5][3]~_emulated" and latch "centertime:inst2|timematrix[5][3]~81"
    Warning (13310): Register "centertime:inst2|datematrix[5][3]" is converted into an equivalent circuit using register "centertime:inst2|datematrix[5][3]~_emulated" and latch "centertime:inst2|datematrix[5][3]~81"
    Warning (13310): Register "centertime:inst2|timematrix[2][3]" is converted into an equivalent circuit using register "centertime:inst2|timematrix[2][3]~_emulated" and latch "centertime:inst2|timematrix[2][3]~85"
    Warning (13310): Register "centertime:inst2|timematrix[3][3]" is converted into an equivalent circuit using register "centertime:inst2|timematrix[3][3]~_emulated" and latch "centertime:inst2|timematrix[3][3]~89"
    Warning (13310): Register "centertime:inst2|datematrix[3][3]" is converted into an equivalent circuit using register "centertime:inst2|datematrix[3][3]~_emulated" and latch "centertime:inst2|datematrix[3][3]~85"
    Warning (13310): Register "centertime:inst2|datematrix[2][3]" is converted into an equivalent circuit using register "centertime:inst2|datematrix[2][3]~_emulated" and latch "centertime:inst2|datematrix[2][3]~89"
    Warning (13310): Register "centertime:inst2|datematrix[4][3]" is converted into an equivalent circuit using register "centertime:inst2|datematrix[4][3]~_emulated" and latch "centertime:inst2|datematrix[4][3]~93"
    Warning (13310): Register "centertime:inst2|timematrix[4][3]" is converted into an equivalent circuit using register "centertime:inst2|timematrix[4][3]~_emulated" and latch "centertime:inst2|timematrix[4][3]~93"
Warning (13024): Output pins are stuck at VCC or GND
    Warning (13410): Pin "duan[0]" is stuck at VCC
Info (16010): Generating hard_block partition "hard_block:auto_generated_inst"
    Info (16011): Adding 0 node(s), including 0 DDIO, 0 PLL, 0 transceiver and 0 LCELL
Info (21057): Implemented 1200 device resources after synthesis - the final resource count might be different
    Info (21058): Implemented 6 input pins
    Info (21059): Implemented 24 output pins
    Info (21061): Implemented 1170 logic cells
Info: Quartus II 64-Bit Analysis & Synthesis was successful. 0 errors, 97 warnings
    Info: Peak virtual memory: 496 megabytes
    Info: Processing ended: Sat Sep 19 10:11:28 2015
    Info: Elapsed time: 00:00:04
    Info: Total CPU time (on all processors): 00:00:04


